Base path: /Applications/Unity/Unity.app/Contents
Pipe name: \\.\pipe\UnityShaderCompiler-64bit-1-1953947648
Cmd: getPlatforms
Cmd: preprocess
  insize=8333 outsize=2044 ok=1
Cmd: compileSnippet
  api=0 type=0 insize=6508 outsize=991 kw= pd= ok=1
Cmd: compileSnippet
  api=0 type=1 insize=6508 outsize=6 kw= pd= ok=1
Cmd: compileSnippet
  api=0 type=0 insize=6503 outsize=1788 kw= pd= ok=1
Cmd: compileSnippet
  api=0 type=1 insize=6503 outsize=6 kw= pd= ok=1
Cmd: compileSnippet
  api=0 type=0 insize=6503 outsize=967 kw= pd= ok=1
Cmd: compileSnippet
  api=0 type=1 insize=6503 outsize=6 kw= pd= ok=1
Cmd: compileSnippet
  api=0 type=0 insize=6503 outsize=967 kw= pd= ok=1
Cmd: compileSnippet
  api=0 type=1 insize=6503 outsize=6 kw= pd= ok=1
Cmd: compileSnippet
  api=0 type=0 insize=6505 outsize=1155 kw= pd= ok=1
Cmd: compileSnippet
  api=0 type=1 insize=6505 outsize=6 kw= pd= ok=1
Cmd: compileSnippet
  api=0 type=0 insize=6505 outsize=681 kw= pd= ok=1
Cmd: compileSnippet
  api=0 type=1 insize=6505 outsize=6 kw= pd= ok=1
Cmd: compileSnippet
  api=0 type=0 insize=6514 outsize=863 kw= pd= ok=1
Cmd: compileSnippet
  api=0 type=1 insize=6514 outsize=6 kw= pd= ok=1
Cmd: compileSnippet
  api=0 type=0 insize=6519 outsize=633 kw= pd= ok=1
Cmd: compileSnippet
  api=0 type=1 insize=6519 outsize=6 kw= pd= ok=1
Cmd: compileSnippet
  api=0 type=0 insize=6512 outsize=427 kw= pd= ok=1
Cmd: compileSnippet
  api=0 type=1 insize=6512 outsize=6 kw= pd= ok=1
Cmd: compileSnippet
  api=0 type=0 insize=6510 outsize=986 kw= pd= ok=1
Cmd: compileSnippet
  api=0 type=1 insize=6510 outsize=6 kw= pd= ok=1
Cmd: compileSnippet
  api=0 type=0 insize=6517 outsize=1044 kw= pd= ok=1
Cmd: compileSnippet
  api=0 type=1 insize=6517 outsize=6 kw= pd= ok=1
Cmd: preprocess
  insize=10964 outsize=662 ok=1
Cmd: compileSnippet
  api=0 type=0 insize=10530 outsize=892 kw= pd= ok=1
Cmd: compileSnippet
  api=0 type=1 insize=10530 outsize=6 kw= pd= ok=1
Cmd: compileSnippet
  api=0 type=0 insize=10552 outsize=6151 kw= pd= ok=1
Cmd: compileSnippet
  api=0 type=1 insize=10552 outsize=6 kw= pd= ok=1
Cmd: compileSnippet
  api=0 type=0 insize=10508 outsize=6145 kw= pd= ok=1
Cmd: compileSnippet
  api=0 type=1 insize=10508 outsize=6 kw= pd= ok=1
Cmd: preprocess
  insize=1063 outsize=406 ok=1
Cmd: compileSnippet
  api=0 type=0 insize=955 outsize=527 kw= pd= ok=1
Cmd: compileSnippet
  api=0 type=1 insize=955 outsize=6 kw= pd= ok=1
Cmd: compileSnippet
  api=0 type=0 insize=954 outsize=527 kw= pd= ok=1
Cmd: compileSnippet
  api=0 type=1 insize=954 outsize=6 kw= pd= ok=1
Cmd: preprocess
  insize=9585 outsize=798 ok=1
Cmd: compileSnippet
  api=0 type=0 insize=8995 outsize=2594 kw= pd= ok=1
Cmd: compileSnippet
  api=0 type=1 insize=8995 outsize=6 kw= pd= ok=1
Cmd: compileSnippet
  api=0 type=0 insize=8999 outsize=2677 kw= pd= ok=1
Cmd: compileSnippet
  api=0 type=1 insize=8999 outsize=6 kw= pd= ok=1
Cmd: compileSnippet
  api=0 type=0 insize=9019 outsize=2714 kw= pd= ok=1
Cmd: compileSnippet
  api=0 type=1 insize=9019 outsize=6 kw= pd= ok=1
Cmd: compileSnippet
  api=0 type=0 insize=9014 outsize=4158 kw= pd= ok=1
Cmd: compileSnippet
  api=0 type=1 insize=9014 outsize=6 kw= pd= ok=1
Cmd: compileSnippet
  api=0 type=0 insize=9018 outsize=1420 kw= pd= ok=1
Cmd: compileSnippet
  api=0 type=1 insize=9018 outsize=6 kw= pd= ok=1
Cmd: preprocess
  insize=1624 outsize=334 ok=1
Cmd: compileSnippet
  api=0 type=0 insize=1592 outsize=1565 kw= pd= ok=1
Cmd: compileSnippet
  api=0 type=1 insize=1592 outsize=6 kw= pd= ok=1
Cmd: preprocess
  insize=844 outsize=330 ok=1
Cmd: compileSnippet
  api=0 type=0 insize=819 outsize=745 kw= pd= ok=1
Cmd: compileSnippet
  api=0 type=1 insize=819 outsize=6 kw= pd= ok=1
Cmd: preprocess
  insize=926 outsize=289 ok=1
Cmd: compileSnippet
  api=0 type=0 insize=942 outsize=632 kw= pd= ok=1
Cmd: compileSnippet
  api=0 type=1 insize=942 outsize=6 kw= pd= ok=1
Cmd: preprocess
  insize=1923 outsize=467 ok=1
Cmd: compileSnippet
  api=0 type=0 insize=1758 outsize=861 kw= pd= ok=1
Cmd: compileSnippet
  api=0 type=1 insize=1758 outsize=6 kw= pd= ok=1
Cmd: preprocess
  insize=1241 outsize=387 ok=1
Cmd: compileSnippet
  api=0 type=0 insize=1159 outsize=808 kw= pd= ok=1
Cmd: compileSnippet
  api=0 type=1 insize=1159 outsize=6 kw= pd= ok=1
Cmd: preprocess
  insize=3521 outsize=640 ok=1
Cmd: compileSnippet
  api=0 type=0 insize=3155 outsize=741 kw= pd= ok=1
Cmd: compileSnippet
  api=0 type=1 insize=3155 outsize=6 kw= pd= ok=1
Cmd: compileSnippet
  api=0 type=0 insize=3153 outsize=672 kw= pd= ok=1
Cmd: compileSnippet
  api=0 type=1 insize=3153 outsize=6 kw= pd= ok=1
Cmd: compileSnippet
  api=0 type=0 insize=3160 outsize=1999 kw= pd= ok=1
Cmd: compileSnippet
  api=0 type=1 insize=3160 outsize=6 kw= pd= ok=1
Cmd: preprocess
  insize=1164 outsize=384 ok=1
Cmd: compileSnippet
  api=0 type=0 insize=1085 outsize=1208 kw= pd= ok=1
Cmd: compileSnippet
  api=0 type=1 insize=1085 outsize=6 kw= pd= ok=1
Cmd: preprocess
  insize=6511 outsize=781 ok=1
Cmd: compileSnippet
  api=0 type=0 insize=1952 outsize=3099 kw= pd= ok=1
Cmd: compileSnippet
  api=0 type=1 insize=1952 outsize=6 kw= pd= ok=1
Cmd: compileSnippet
  api=0 type=0 insize=2216 outsize=3684 kw= pd= ok=1
Cmd: compileSnippet
  api=0 type=1 insize=2216 outsize=6 kw= pd= ok=1
Cmd: compileSnippet
  api=0 type=0 insize=2722 outsize=4836 kw= pd= ok=1
Cmd: compileSnippet
  api=0 type=1 insize=2722 outsize=6 kw= pd= ok=1
Cmd: compileSnippet
  api=0 type=0 insize=2998 outsize=5399 kw= pd= ok=1
Cmd: compileSnippet
  api=0 type=1 insize=2998 outsize=6 kw= pd= ok=1
Cmd: compileSnippet
  api=0 type=0 insize=1938 outsize=1007 kw= pd= ok=1
Cmd: compileSnippet
  api=0 type=1 insize=1938 outsize=6 kw= pd= ok=1
Cmd: preprocess
  insize=1097 outsize=289 ok=1
Cmd: compileSnippet
  api=0 type=0 insize=1113 outsize=1087 kw= pd= ok=1
Cmd: compileSnippet
  api=0 type=1 insize=1113 outsize=6 kw= pd= ok=1
Cmd: preprocess
  insize=2413 outsize=753 ok=1
Cmd: compileSnippet
  api=0 type=0 insize=1931 outsize=642 kw= pd= ok=1
Cmd: compileSnippet
  api=0 type=1 insize=1931 outsize=6 kw= pd= ok=1
Cmd: compileSnippet
  api=0 type=0 insize=1928 outsize=592 kw= pd= ok=1
Cmd: compileSnippet
  api=0 type=1 insize=1928 outsize=6 kw= pd= ok=1
Cmd: compileSnippet
  api=0 type=0 insize=1941 outsize=1119 kw= pd= ok=1
Cmd: compileSnippet
  api=0 type=1 insize=1941 outsize=6 kw= pd= ok=1
Cmd: compileSnippet
  api=0 type=0 insize=1940 outsize=519 kw= pd= ok=1
Cmd: compileSnippet
  api=0 type=1 insize=1940 outsize=6 kw= pd= ok=1
Cmd: preprocess
  insize=883 outsize=277 ok=1
Cmd: compileSnippet
  api=0 type=0 insize=911 outsize=504 kw= pd= ok=1
Cmd: compileSnippet
  api=0 type=1 insize=911 outsize=6 kw= pd= ok=1
Cmd: preprocess
  insize=1314 outsize=362 ok=1
Cmd: compileSnippet
  api=0 type=0 insize=1251 outsize=1323 kw= pd= ok=1
Cmd: compileSnippet
  api=0 type=1 insize=1251 outsize=6 kw= pd= ok=1
Cmd: preprocess
  insize=1353 outsize=326 ok=1
Cmd: compileSnippet
  api=0 type=0 insize=1333 outsize=1186 kw= pd= ok=1
Cmd: compileSnippet
  api=0 type=1 insize=1333 outsize=6 kw= pd= ok=1
Cmd: preprocess
  insize=1188 outsize=255 ok=1
Cmd: compileSnippet
  api=0 type=0 insize=1238 outsize=1194 kw= pd= ok=1
Cmd: compileSnippet
  api=0 type=1 insize=1238 outsize=6 kw= pd= ok=1
Cmd: preprocess
  insize=1344 outsize=330 ok=1
Cmd: compileSnippet
  api=0 type=0 insize=1316 outsize=1259 kw= pd= ok=1
Cmd: compileSnippet
  api=0 type=1 insize=1316 outsize=6 kw= pd= ok=1
Cmd: preprocess
  insize=1187 outsize=304 ok=1
Cmd: compileSnippet
  api=0 type=0 insize=1188 outsize=799 kw= pd= ok=1
Cmd: compileSnippet
  api=0 type=1 insize=1188 outsize=6 kw= pd= ok=1
Cmd: preprocess
  insize=2235 outsize=619 ok=1
Cmd: compileSnippet
  api=0 type=0 insize=1922 outsize=2163 kw= pd= ok=1
Cmd: compileSnippet
  api=0 type=1 insize=1922 outsize=6 kw= pd= ok=1
Cmd: preprocess
  insize=902 outsize=252 ok=1
Cmd: compileSnippet
  api=0 type=0 insize=950 outsize=713 kw= pd= ok=1
Cmd: compileSnippet
  api=0 type=1 insize=950 outsize=6 kw= pd= ok=1
Cmd: preprocess
  insize=636 outsize=302 ok=1
Cmd: compileSnippet
  api=0 type=0 insize=634 outsize=611 kw= pd= ok=1
Cmd: compileSnippet
  api=0 type=1 insize=634 outsize=6 kw= pd= ok=1
Cmd: preprocess
  insize=6131 outsize=973 ok=1
Cmd: compileSnippet
  api=0 type=0 insize=5399 outsize=407 kw= pd= ok=1
Cmd: compileSnippet
  api=0 type=1 insize=5399 outsize=6 kw= pd= ok=1
Cmd: compileSnippet
  api=0 type=0 insize=5406 outsize=1135 kw= pd= ok=1
Cmd: compileSnippet
  api=0 type=1 insize=5406 outsize=6 kw= pd= ok=1
Cmd: compileSnippet
  api=0 type=0 insize=5410 outsize=1595 kw= pd= ok=1
Cmd: compileSnippet
  api=0 type=1 insize=5410 outsize=6 kw= pd= ok=1
Cmd: compileSnippet
  api=0 type=0 insize=5411 outsize=1595 kw= pd= ok=1
Cmd: compileSnippet
  api=0 type=1 insize=5411 outsize=6 kw= pd= ok=1
Cmd: compileSnippet
  api=0 type=0 insize=5415 outsize=1713 kw= pd= ok=1
Cmd: compileSnippet
  api=0 type=1 insize=5415 outsize=6 kw= pd= ok=1
Cmd: compileSnippet
  api=0 type=0 insize=5416 outsize=1635 kw= pd= ok=1
Cmd: compileSnippet
  api=0 type=1 insize=5416 outsize=6 kw= pd= ok=1
Cmd: preprocess
  insize=32573 outsize=255 ok=1
Cmd: compileSnippet
  api=0 type=0 insize=32620 outsize=8930 kw= pd= ok=1
Cmd: compileSnippet
  api=0 type=1 insize=32620 outsize=6 kw= pd= ok=1
Cmd: preprocess
  insize=1154 outsize=242 ok=1
Cmd: compileSnippet
  api=0 type=0 insize=1214 outsize=1079 kw= pd= ok=1
Cmd: compileSnippet
  api=0 type=1 insize=1214 outsize=6 kw= pd= ok=1
Cmd: preprocess
  insize=4302 outsize=504 ok=1
Cmd: compileSnippet
  api=0 type=0 insize=3985 outsize=2795 kw= pd= ok=1
Cmd: compileSnippet
  api=0 type=1 insize=3985 outsize=6 kw= pd= ok=1
Cmd: compileSnippet
  api=0 type=0 insize=3986 outsize=2294 kw= pd= ok=1
Cmd: compileSnippet
  api=0 type=1 insize=3986 outsize=6 kw= pd= ok=1
Cmd: compileSnippet
  api=0 type=0 insize=3986 outsize=2418 kw= pd= ok=1
Cmd: compileSnippet
  api=0 type=1 insize=3986 outsize=6 kw= pd= ok=1
Cmd: preprocess
  insize=992 outsize=248 ok=1
Cmd: compileSnippet
  api=0 type=0 insize=1045 outsize=946 kw= pd= ok=1
Cmd: compileSnippet
  api=0 type=1 insize=1045 outsize=6 kw= pd= ok=1
Cmd: preprocess
  insize=4770 outsize=1779 ok=1
Cmd: compileSnippet
  api=0 type=0 insize=3198 outsize=624 kw= pd= ok=1
Cmd: compileSnippet
  api=0 type=1 insize=3198 outsize=6 kw= pd= ok=1
Cmd: compileSnippet
  api=0 type=0 insize=3195 outsize=592 kw= pd= ok=1
Cmd: compileSnippet
  api=0 type=1 insize=3195 outsize=6 kw= pd= ok=1
Cmd: compileSnippet
  api=0 type=0 insize=3211 outsize=1166 kw= pd= ok=1
Cmd: compileSnippet
  api=0 type=1 insize=3211 outsize=6 kw= pd= ok=1
Cmd: compileSnippet
  api=0 type=0 insize=3203 outsize=519 kw= pd= ok=1
Cmd: compileSnippet
  api=0 type=1 insize=3203 outsize=6 kw= pd= ok=1
Cmd: compileSnippet
  api=0 type=0 insize=3203 outsize=624 kw= pd= ok=1
Cmd: compileSnippet
  api=0 type=1 insize=3203 outsize=6 kw= pd= ok=1
Cmd: compileSnippet
  api=0 type=0 insize=3200 outsize=592 kw= pd= ok=1
Cmd: compileSnippet
  api=0 type=1 insize=3200 outsize=6 kw= pd= ok=1
Cmd: compileSnippet
  api=0 type=0 insize=3212 outsize=1217 kw= pd= ok=1
Cmd: compileSnippet
  api=0 type=1 insize=3212 outsize=6 kw= pd= ok=1
Cmd: compileSnippet
  api=0 type=0 insize=3205 outsize=533 kw= pd= ok=1
Cmd: compileSnippet
  api=0 type=1 insize=3205 outsize=6 kw= pd= ok=1
Cmd: compileSnippet
  api=0 type=0 insize=3197 outsize=376 kw= pd= ok=1
Cmd: compileSnippet
  api=0 type=1 insize=3197 outsize=6 kw= pd= ok=1
Cmd: compileSnippet
  api=0 type=0 insize=3201 outsize=484 kw= pd= ok=1
Cmd: compileSnippet
  api=0 type=1 insize=3201 outsize=6 kw= pd= ok=1
Cmd: compileSnippet
  api=0 type=0 insize=3196 outsize=443 kw= pd= ok=1
Cmd: compileSnippet
  api=0 type=1 insize=3196 outsize=6 kw= pd= ok=1
Cmd: preprocess
  insize=12787 outsize=1859 ok=1
Cmd: compileSnippet
  api=0 type=0 insize=11105 outsize=1199 kw= pd= ok=1
Cmd: compileSnippet
  api=0 type=1 insize=11105 outsize=6 kw= pd= ok=1
Cmd: compileSnippet
  api=0 type=0 insize=11096 outsize=572 kw= pd= ok=1
Cmd: compileSnippet
  api=0 type=1 insize=11096 outsize=6 kw= pd= ok=1
Cmd: compileSnippet
  api=0 type=0 insize=11098 outsize=1636 kw= pd= ok=1
Cmd: compileSnippet
  api=0 type=1 insize=11098 outsize=6 kw= pd= ok=1
Cmd: compileSnippet
  api=0 type=0 insize=11103 outsize=3632 kw= pd= ok=1
Cmd: compileSnippet
  api=0 type=1 insize=11103 outsize=6 kw= pd= ok=1
Cmd: compileSnippet
  api=0 type=0 insize=11113 outsize=3284 kw= pd= ok=1
Cmd: compileSnippet
  api=0 type=1 insize=11113 outsize=6 kw= pd= ok=1
Cmd: compileSnippet
  api=0 type=0 insize=11100 outsize=658 kw= pd= ok=1
Cmd: compileSnippet
  api=0 type=1 insize=11100 outsize=6 kw= pd= ok=1
Cmd: compileSnippet
  api=0 type=0 insize=11106 outsize=1838 kw= pd= ok=1
Cmd: compileSnippet
  api=0 type=1 insize=11106 outsize=6 kw= pd= ok=1
Cmd: compileSnippet
  api=0 type=0 insize=11112 outsize=4115 kw= pd= ok=1
Cmd: compileSnippet
  api=0 type=1 insize=11112 outsize=6 kw= pd= ok=1
Cmd: preprocess
  insize=963 outsize=333 ok=1
Cmd: compileSnippet
  api=0 type=0 insize=935 outsize=664 kw= pd= ok=1
Cmd: compileSnippet
  api=0 type=1 insize=935 outsize=6 kw= pd= ok=1
Cmd: preprocess
  insize=6023 outsize=731 ok=1
Cmd: preprocess
  insize=2690 outsize=761 ok=1
Cmd: compileSnippet
  api=0 type=0 insize=2202 outsize=711 kw= pd= ok=1
Cmd: compileSnippet
  api=0 type=1 insize=2202 outsize=6 kw= pd= ok=1
Cmd: compileSnippet
  api=0 type=0 insize=2202 outsize=743 kw= pd= ok=1
Cmd: compileSnippet
  api=0 type=1 insize=2202 outsize=6 kw= pd= ok=1
Cmd: compileSnippet
  api=0 type=0 insize=2206 outsize=711 kw= pd= ok=1
Cmd: compileSnippet
  api=0 type=1 insize=2206 outsize=6 kw= pd= ok=1
Cmd: compileSnippet
  api=0 type=0 insize=2205 outsize=1207 kw= pd= ok=1
Cmd: compileSnippet
  api=0 type=1 insize=2205 outsize=6 kw= pd= ok=1
Cmd: compileSnippet
  api=0 type=0 insize=2208 outsize=772 kw= pd= ok=1
Cmd: compileSnippet
  api=0 type=1 insize=2208 outsize=6 kw= pd= ok=1
Cmd: preprocess
  insize=10773 outsize=2532 ok=1
Cmd: compileSnippet
  api=0 type=0 insize=8468 outsize=3202 kw= pd= ok=1
Cmd: compileSnippet
  api=0 type=1 insize=8468 outsize=6 kw= pd= ok=1
Cmd: compileSnippet
  api=0 type=0 insize=8473 outsize=1933 kw= pd= ok=1
Cmd: compileSnippet
  api=0 type=1 insize=8473 outsize=6 kw= pd= ok=1
Cmd: compileSnippet
  api=0 type=0 insize=8472 outsize=536 kw= pd= ok=1
Cmd: compileSnippet
  api=0 type=1 insize=8472 outsize=6 kw= pd= ok=1
Cmd: compileSnippet
  api=0 type=0 insize=8476 outsize=1101 kw= pd= ok=1
Cmd: compileSnippet
  api=0 type=1 insize=8476 outsize=6 kw= pd= ok=1
Cmd: compileSnippet
  api=0 type=0 insize=8475 outsize=1194 kw= pd= ok=1
Cmd: compileSnippet
  api=0 type=1 insize=8475 outsize=6 kw= pd= ok=1
Cmd: preprocess
  insize=2486 outsize=1156 ok=1
Cmd: compileSnippet
  api=0 type=0 insize=1632 outsize=1293 kw= pd= ok=1
Cmd: compileSnippet
  api=0 type=1 insize=1632 outsize=6 kw= pd= ok=1
Cmd: preprocess
  insize=12423 outsize=2312 ok=1
Cmd: compileSnippet
  api=0 type=0 insize=10185 outsize=487 kw= pd= ok=1
Cmd: compileSnippet
  api=0 type=1 insize=10185 outsize=6 kw= pd= ok=1
Cmd: compileSnippet
  api=0 type=0 insize=10184 outsize=1072 kw= pd= ok=1
Cmd: compileSnippet
  api=0 type=1 insize=10184 outsize=6 kw= pd= ok=1
Cmd: compileSnippet
  api=0 type=0 insize=10184 outsize=979 kw= pd= ok=1
Cmd: compileSnippet
  api=0 type=1 insize=10184 outsize=6 kw= pd= ok=1
Cmd: compileSnippet
  api=0 type=0 insize=10166 outsize=782 kw= pd= ok=1
Cmd: compileSnippet
  api=0 type=1 insize=10166 outsize=6 kw= pd= ok=1
Cmd: compileSnippet
  api=0 type=0 insize=10185 outsize=706 kw= pd= ok=1
Cmd: compileSnippet
  api=0 type=1 insize=10185 outsize=6 kw= pd= ok=1
Cmd: compileSnippet
  api=0 type=0 insize=10166 outsize=836 kw= pd= ok=1
Cmd: compileSnippet
  api=0 type=1 insize=10166 outsize=6 kw= pd= ok=1
Cmd: compileSnippet
  api=0 type=0 insize=10211 outsize=1317 kw= pd= ok=1
Cmd: compileSnippet
  api=0 type=1 insize=10211 outsize=6 kw= pd= ok=1
Cmd: compileSnippet
  api=0 type=0 insize=10165 outsize=276 kw= pd= ok=1
Cmd: compileSnippet
  api=0 type=1 insize=10165 outsize=6 kw= pd= ok=1
Cmd: compileSnippet
  api=0 type=0 insize=10169 outsize=343 kw= pd= ok=1
Cmd: compileSnippet
  api=0 type=1 insize=10169 outsize=6 kw= pd= ok=1
Cmd: compileSnippet
  api=0 type=0 insize=10191 outsize=2806 kw= pd= ok=1
Cmd: compileSnippet
  api=0 type=1 insize=10191 outsize=6 kw= pd= ok=1
Cmd: compileSnippet
  api=0 type=0 insize=10185 outsize=2864 kw= pd= ok=1
Cmd: compileSnippet
  api=0 type=1 insize=10185 outsize=6 kw= pd= ok=1
Cmd: compileSnippet
  api=0 type=0 insize=10191 outsize=2806 kw= pd= ok=1
Cmd: compileSnippet
  api=0 type=1 insize=10191 outsize=6 kw= pd= ok=1
Cmd: preprocess
  insize=1909 outsize=438 ok=1
Cmd: compileSnippet
  api=0 type=0 insize=1746 outsize=1032 kw= pd= ok=1
Cmd: compileSnippet
  api=0 type=1 insize=1746 outsize=6 kw= pd= ok=1
Cmd: compileSnippet
  api=0 type=0 insize=1759 outsize=1157 kw= pd= ok=1
Cmd: compileSnippet
  api=0 type=1 insize=1759 outsize=6 kw= pd= ok=1
Cmd: preprocess
  insize=1530 outsize=277 ok=1
Cmd: compileSnippet
  api=0 type=0 insize=1558 outsize=1545 kw= pd= ok=1
Cmd: compileSnippet
  api=0 type=1 insize=1558 outsize=6 kw= pd= ok=1
Cmd: preprocess
  insize=23967 outsize=4108 ok=1
Cmd: compileSnippet
  api=0 type=0 insize=19213 outsize=844 kw= pd= ok=1
Cmd: compileSnippet
  api=0 type=1 insize=19213 outsize=6 kw= pd= ok=1
Cmd: compileSnippet
  api=0 type=0 insize=19219 outsize=3265 kw= pd= ok=1
Cmd: compileSnippet
  api=0 type=1 insize=19219 outsize=6 kw= pd= ok=1
Cmd: compileSnippet
  api=0 type=0 insize=19222 outsize=4811 kw= pd= ok=1
Cmd: compileSnippet
  api=0 type=1 insize=19222 outsize=6 kw= pd= ok=1
Cmd: compileSnippet
  api=0 type=0 insize=19201 outsize=439 kw= pd= ok=1
Cmd: compileSnippet
  api=0 type=1 insize=19201 outsize=6 kw= pd= ok=1
Cmd: compileSnippet
  api=0 type=0 insize=19217 outsize=831 kw= pd= ok=1
Cmd: compileSnippet
  api=0 type=1 insize=19217 outsize=6 kw= pd= ok=1
Cmd: compileSnippet
  api=0 type=0 insize=19204 outsize=1673 kw= pd= ok=1
Cmd: compileSnippet
  api=0 type=1 insize=19204 outsize=6 kw= pd= ok=1
Cmd: compileSnippet
  api=0 type=0 insize=19215 outsize=1511 kw= pd= ok=1
Cmd: compileSnippet
  api=0 type=1 insize=19215 outsize=6 kw= pd= ok=1
Cmd: compileSnippet
  api=0 type=0 insize=19211 outsize=588 kw= pd= ok=1
Cmd: compileSnippet
  api=0 type=1 insize=19211 outsize=6 kw= pd= ok=1
Cmd: compileSnippet
  api=0 type=0 insize=19221 outsize=854 kw= pd= ok=1
Cmd: compileSnippet
  api=0 type=1 insize=19221 outsize=6 kw= pd= ok=1
Cmd: compileSnippet
  api=0 type=0 insize=19214 outsize=752 kw= pd= ok=1
Cmd: compileSnippet
  api=0 type=1 insize=19214 outsize=6 kw= pd= ok=1
Cmd: compileSnippet
  api=0 type=0 insize=19221 outsize=938 kw= pd= ok=1
Cmd: compileSnippet
  api=0 type=1 insize=19221 outsize=6 kw= pd= ok=1
Cmd: compileSnippet
  api=0 type=0 insize=19209 outsize=3042 kw= pd= ok=1
Cmd: compileSnippet
  api=0 type=1 insize=19209 outsize=6 kw= pd= ok=1
Cmd: compileSnippet
  api=0 type=0 insize=19218 outsize=2688 kw= pd= ok=1
Cmd: compileSnippet
  api=0 type=1 insize=19218 outsize=6 kw= pd= ok=1
Cmd: compileSnippet
  api=0 type=0 insize=19205 outsize=990 kw= pd= ok=1
Cmd: compileSnippet
  api=0 type=1 insize=19205 outsize=6 kw= pd= ok=1
Cmd: compileSnippet
  api=0 type=0 insize=19219 outsize=610 kw= pd= ok=1
Cmd: compileSnippet
  api=0 type=1 insize=19219 outsize=6 kw= pd= ok=1
Cmd: compileSnippet
  api=0 type=0 insize=19210 outsize=875 kw= pd= ok=1
Cmd: compileSnippet
  api=0 type=1 insize=19210 outsize=6 kw= pd= ok=1
Cmd: compileSnippet
  api=0 type=0 insize=19205 outsize=642 kw= pd= ok=1
Cmd: compileSnippet
  api=0 type=1 insize=19205 outsize=6 kw= pd= ok=1
Cmd: compileSnippet
  api=0 type=0 insize=19209 outsize=3544 kw= pd= ok=1
Cmd: compileSnippet
  api=0 type=1 insize=19209 outsize=6 kw= pd= ok=1
Cmd: compileSnippet
  api=0 type=0 insize=19218 outsize=3480 kw= pd= ok=1
Cmd: compileSnippet
  api=0 type=1 insize=19218 outsize=6 kw= pd= ok=1
Cmd: compileSnippet
  api=0 type=0 insize=19227 outsize=3627 kw= pd= ok=1
Cmd: compileSnippet
  api=0 type=1 insize=19227 outsize=6 kw= pd= ok=1
Cmd: compileSnippet
  api=0 type=0 insize=19206 outsize=562 kw= pd= ok=1
Cmd: compileSnippet
  api=0 type=1 insize=19206 outsize=6 kw= pd= ok=1
Cmd: compileSnippet
  api=0 type=0 insize=19208 outsize=1673 kw= pd= ok=1
Cmd: compileSnippet
  api=0 type=1 insize=19208 outsize=6 kw= pd= ok=1
Cmd: compileSnippet
  api=0 type=0 insize=19224 outsize=439 kw= pd= ok=1
Cmd: compileSnippet
  api=0 type=1 insize=19224 outsize=6 kw= pd= ok=1
Cmd: preprocess
  insize=3938 outsize=531 ok=1
Cmd: compileSnippet
  api=0 type=0 insize=3713 outsize=2083 kw= pd= ok=1
Cmd: compileSnippet
  api=0 type=1 insize=3713 outsize=6 kw= pd= ok=1
Cmd: compileSnippet
  api=0 type=0 insize=3725 outsize=1255 kw= pd= ok=1
Cmd: compileSnippet
  api=0 type=1 insize=3725 outsize=6 kw= pd= ok=1
Cmd: compileSnippet
  api=0 type=0 insize=3716 outsize=1758 kw= pd= ok=1
Cmd: compileSnippet
  api=0 type=1 insize=3716 outsize=6 kw= pd= ok=1
Cmd: preprocess
  insize=1675 outsize=280 ok=1
Cmd: compileSnippet
  api=0 type=0 insize=1697 outsize=2683 kw= pd= ok=1
Cmd: compileSnippet
  api=0 type=1 insize=1697 outsize=6 kw= pd= ok=1
Cmd: preprocess
  insize=965 outsize=333 ok=1
Cmd: compileSnippet
  api=0 type=0 insize=934 outsize=903 kw= pd= ok=1
Cmd: compileSnippet
  api=0 type=1 insize=934 outsize=6 kw= pd= ok=1
Cmd: preprocess
  insize=1082 outsize=404 ok=1
Cmd: compileSnippet
  api=0 type=0 insize=951 outsize=560 kw= pd= ok=1
Cmd: compileSnippet
  api=0 type=1 insize=951 outsize=6 kw= pd= ok=1
Cmd: compileSnippet
  api=0 type=0 insize=957 outsize=620 kw= pd= ok=1
Cmd: compileSnippet
  api=0 type=1 insize=957 outsize=6 kw= pd= ok=1
Cmd: preprocess
  insize=673 outsize=248 ok=1
Cmd: compileSnippet
  api=0 type=0 insize=724 outsize=564 kw= pd= ok=1
Cmd: compileSnippet
  api=0 type=1 insize=724 outsize=6 kw= pd= ok=1
Cmd: preprocess
  insize=5564 outsize=855 ok=1
Cmd: compileSnippet
  api=0 type=0 insize=4897 outsize=2118 kw= pd= ok=1
Cmd: compileSnippet
  api=0 type=1 insize=4897 outsize=6 kw= pd= ok=1
Cmd: compileSnippet
  api=0 type=0 insize=4899 outsize=1286 kw= pd= ok=1
Cmd: compileSnippet
  api=0 type=1 insize=4899 outsize=6 kw= pd= ok=1
Cmd: compileSnippet
  api=0 type=0 insize=4903 outsize=1320 kw= pd= ok=1
Cmd: compileSnippet
  api=0 type=1 insize=4903 outsize=6 kw= pd= ok=1
Cmd: compileSnippet
  api=0 type=0 insize=4912 outsize=713 kw= pd= ok=1
Cmd: compileSnippet
  api=0 type=1 insize=4912 outsize=6 kw= pd= ok=1
Cmd: compileSnippet
  api=0 type=0 insize=4893 outsize=2118 kw= pd= ok=1
Cmd: compileSnippet
  api=0 type=1 insize=4893 outsize=6 kw= pd= ok=1
Cmd: preprocess
  insize=5171 outsize=737 ok=1
Cmd: compileSnippet
  api=0 type=0 insize=4605 outsize=633 kw= pd= ok=1
Cmd: compileSnippet
  api=0 type=1 insize=4605 outsize=6 kw= pd= ok=1
Cmd: compileSnippet
  api=0 type=0 insize=4609 outsize=1613 kw= pd= ok=1
Cmd: compileSnippet
  api=0 type=1 insize=4609 outsize=6 kw= pd= ok=1
Cmd: compileSnippet
  api=0 type=0 insize=4619 outsize=2285 kw= pd= ok=1
Cmd: compileSnippet
  api=0 type=1 insize=4619 outsize=6 kw= pd= ok=1
Cmd: compileSnippet
  api=0 type=0 insize=4614 outsize=2011 kw= pd= ok=1
Cmd: compileSnippet
  api=0 type=1 insize=4614 outsize=6 kw= pd= ok=1
Cmd: compileSnippet
  api=0 type=0 insize=4620 outsize=1547 kw= pd= ok=1
Cmd: compileSnippet
  api=0 type=1 insize=4620 outsize=6 kw= pd= ok=1
Cmd: preprocess
  insize=520 outsize=341 ok=1
Cmd: compileSnippet
  api=0 type=0 insize=481 outsize=696 kw= pd= ok=1
Cmd: compileSnippet
  api=0 type=1 insize=481 outsize=6 kw= pd= ok=1
Cmd: preprocess
  insize=6414 outsize=902 ok=1
Cmd: compileSnippet
  api=0 type=0 insize=5582 outsize=473 kw= pd= ok=1
Cmd: compileSnippet
  api=0 type=1 insize=5582 outsize=6 kw= pd= ok=1
Cmd: compileSnippet
  api=0 type=0 insize=5581 outsize=514 kw= pd= ok=1
Cmd: compileSnippet
  api=0 type=1 insize=5581 outsize=6 kw= pd= ok=1
Cmd: compileSnippet
  api=0 type=0 insize=5575 outsize=2665 kw= pd= ok=1
Cmd: compileSnippet
  api=0 type=1 insize=5575 outsize=6 kw= pd= ok=1
Cmd: compileSnippet
  api=0 type=0 insize=5574 outsize=2706 kw= pd= ok=1
Cmd: compileSnippet
  api=0 type=1 insize=5574 outsize=6 kw= pd= ok=1
Cmd: compileSnippet
  api=0 type=0 insize=5577 outsize=2789 kw= pd= ok=1
Cmd: compileSnippet
  api=0 type=1 insize=5577 outsize=6 kw= pd= ok=1
Cmd: compileSnippet
  api=0 type=0 insize=5576 outsize=2821 kw= pd= ok=1
Cmd: compileSnippet
  api=0 type=1 insize=5576 outsize=6 kw= pd= ok=1
Cmd: compileSnippet
  api=0 type=0 insize=5578 outsize=614 kw= pd= ok=1
Cmd: compileSnippet
  api=0 type=1 insize=5578 outsize=6 kw= pd= ok=1
Cmd: preprocess
  insize=32583 outsize=255 ok=1
Cmd: compileSnippet
  api=0 type=0 insize=32630 outsize=8838 kw= pd= ok=1
Cmd: compileSnippet
  api=0 type=1 insize=32630 outsize=6 kw= pd= ok=1
Cmd: preprocess
  insize=5175 outsize=1721 ok=1
Cmd: compileSnippet
  api=0 type=0 insize=3758 outsize=4926 kw= pd= ok=1
Cmd: compileSnippet
  api=0 type=1 insize=3758 outsize=6 kw= pd= ok=1
Cmd: preprocess
  insize=6737 outsize=236 ok=1
Cmd: compileSnippet
  api=0 type=0 insize=6803 outsize=3141 kw= pd= ok=1
Cmd: compileSnippet
  api=0 type=1 insize=6803 outsize=6 kw= pd= ok=1
Cmd: preprocess
  insize=4310 outsize=418 ok=1
Cmd: compileSnippet
  api=0 type=0 insize=4146 outsize=4682 kw= pd= ok=1
Cmd: compileSnippet
  api=0 type=1 insize=4146 outsize=6 kw= pd= ok=1
Cmd: compileSnippet
  api=0 type=0 insize=4151 outsize=4113 kw= pd= ok=1
Cmd: compileSnippet
  api=0 type=1 insize=4151 outsize=6 kw= pd= ok=1
Cmd: preprocess
  insize=4608 outsize=887 ok=1
Cmd: compileSnippet
  api=0 type=0 insize=3943 outsize=507 kw= pd= ok=1
Cmd: compileSnippet
  api=0 type=1 insize=3943 outsize=6 kw= pd= ok=1
Cmd: compileSnippet
  api=0 type=0 insize=3951 outsize=1126 kw= pd= ok=1
Cmd: compileSnippet
  api=0 type=1 insize=3951 outsize=6 kw= pd= ok=1
Cmd: compileSnippet
  api=0 type=0 insize=3943 outsize=1042 kw= pd= ok=1
Cmd: compileSnippet
  api=0 type=1 insize=3943 outsize=6 kw= pd= ok=1
Cmd: compileSnippet
  api=0 type=0 insize=3945 outsize=1167 kw= pd= ok=1
Cmd: compileSnippet
  api=0 type=1 insize=3945 outsize=6 kw= pd= ok=1
Cmd: compileSnippet
  api=0 type=0 insize=3940 outsize=475 kw= pd= ok=1
Cmd: compileSnippet
  api=0 type=1 insize=3940 outsize=6 kw= pd= ok=1
Cmd: preprocess
  insize=5717 outsize=1219 ok=1
Cmd: preprocess
  insize=716 outsize=286 ok=1
Cmd: compileSnippet
  api=0 type=0 insize=732 outsize=348 kw= pd= ok=1
Cmd: compileSnippet
  api=0 type=1 insize=732 outsize=6 kw= pd= ok=1
Cmd: preprocess
  insize=656 outsize=299 ok=1
Cmd: compileSnippet
  api=0 type=0 insize=657 outsize=862 kw= pd= ok=1
Cmd: compileSnippet
  api=0 type=1 insize=657 outsize=6 kw= pd= ok=1
Cmd: preprocess
  insize=3696 outsize=630 ok=1
Cmd: compileSnippet
  api=0 type=0 insize=3278 outsize=510 kw= pd= ok=1
Cmd: compileSnippet
  api=0 type=1 insize=3278 outsize=6 kw= pd= ok=1
Cmd: compileSnippet
  api=0 type=0 insize=3285 outsize=1602 kw= pd= ok=1
Cmd: compileSnippet
  api=0 type=1 insize=3285 outsize=6 kw= pd= ok=1
Cmd: compileSnippet
  api=0 type=0 insize=3294 outsize=1905 kw= pd= ok=1
Cmd: compileSnippet
  api=0 type=1 insize=3294 outsize=6 kw= pd= ok=1
Cmd: compileSnippet
  api=0 type=0 insize=3289 outsize=2006 kw= pd= ok=1
Cmd: compileSnippet
  api=0 type=1 insize=3289 outsize=6 kw= pd= ok=1
Cmd: preprocess
  insize=799 outsize=276 ok=1
Cmd: compileSnippet
  api=0 type=0 insize=828 outsize=564 kw= pd= ok=1
Cmd: compileSnippet
  api=0 type=1 insize=828 outsize=6 kw= pd= ok=1
Cmd: preprocess
  insize=1265 outsize=272 ok=1
Cmd: compileSnippet
  api=0 type=0 insize=1298 outsize=1270 kw= pd= ok=1
Cmd: compileSnippet
  api=0 type=1 insize=1298 outsize=6 kw= pd= ok=1
Cmd: preprocess
  insize=2015 outsize=946 ok=1
Cmd: compileSnippet
  api=0 type=0 insize=859 outsize=504 kw= pd= ok=1
Cmd: compileSnippet
  api=0 type=1 insize=859 outsize=6 kw= pd= ok=1
Cmd: compileSnippet
  api=0 type=0 insize=814 outsize=403 kw= pd= ok=1
Cmd: compileSnippet
  api=0 type=1 insize=814 outsize=6 kw= pd= ok=1
Cmd: preprocess
  insize=5095 outsize=700 ok=1
Cmd: preprocess
  insize=1017 outsize=470 ok=1
Cmd: compileSnippet
  api=0 type=0 insize=849 outsize=846 kw= pd= ok=1
Cmd: compileSnippet
  api=0 type=1 insize=849 outsize=6 kw= pd= ok=1
Cmd: preprocess
  insize=1139 outsize=364 ok=1
Cmd: compileSnippet
  api=0 type=0 insize=1080 outsize=1126 kw= pd= ok=1
Cmd: compileSnippet
  api=0 type=1 insize=1080 outsize=6 kw= pd= ok=1
Cmd: preprocess
  insize=512 outsize=241 ok=1
Cmd: compileSnippet
  api=0 type=0 insize=573 outsize=208 kw= pd= ok=1
Cmd: compileSnippet
  api=0 type=1 insize=573 outsize=6 kw= pd= ok=1
Cmd: preprocess
  insize=650 outsize=290 ok=1
Cmd: compileSnippet
  api=0 type=0 insize=665 outsize=384 kw= pd= ok=1
Cmd: compileSnippet
  api=0 type=1 insize=665 outsize=6 kw= pd= ok=1
Cmd: preprocess
  insize=5006 outsize=866 ok=1
Cmd: compileSnippet
  api=0 type=0 insize=4390 outsize=1036 kw= pd= ok=1
Cmd: compileSnippet
  api=0 type=1 insize=4390 outsize=6 kw= pd= ok=1
Cmd: compileSnippet
  api=0 type=0 insize=4394 outsize=1595 kw= pd= ok=1
Cmd: compileSnippet
  api=0 type=1 insize=4394 outsize=6 kw= pd= ok=1
Cmd: compileSnippet
  api=0 type=0 insize=4395 outsize=1595 kw= pd= ok=1
Cmd: compileSnippet
  api=0 type=1 insize=4395 outsize=6 kw= pd= ok=1
Cmd: compileSnippet
  api=0 type=0 insize=4399 outsize=1713 kw= pd= ok=1
Cmd: compileSnippet
  api=0 type=1 insize=4399 outsize=6 kw= pd= ok=1
Cmd: compileSnippet
  api=0 type=0 insize=4400 outsize=1635 kw= pd= ok=1
Cmd: compileSnippet
  api=0 type=1 insize=4400 outsize=6 kw= pd= ok=1
Cmd: compileSnippet
  api=0 type=0 insize=1706 outsize=611 kw=SOFTPARTICLES_OFF pd= ok=1
Cmd: compileSnippet
  api=0 type=1 insize=1706 outsize=6 kw=SOFTPARTICLES_OFF pd= ok=1
Cmd: compileSnippet
  api=0 type=0 insize=966 outsize=600 kw= pd= ok=1
Cmd: compileSnippet
  api=0 type=1 insize=966 outsize=6 kw= pd= ok=1
Cmd: compileSnippet
  api=0 type=0 insize=14582 outsize=2405 kw=DIRECTIONAL SHADOWS_OFF LIGHTMAP_OFF DIRLIGHTMAP_OFF DYNAMICLIGHTMAP_OFF pd= ok=1
Cmd: compileSnippet
  api=0 type=1 insize=14582 outsize=6 kw=DIRECTIONAL SHADOWS_OFF LIGHTMAP_OFF DIRLIGHTMAP_OFF DYNAMICLIGHTMAP_OFF pd= ok=1
Cmd: compileSnippet
  api=0 type=0 insize=8058 outsize=1558 kw=DIRECTIONAL pd= ok=1
Cmd: compileSnippet
  api=0 type=1 insize=8058 outsize=6 kw=DIRECTIONAL pd= ok=1
Cmd: compileSnippet
  api=0 type=0 insize=1420 outsize=1195 kw= pd= ok=1
Cmd: compileSnippet
  api=0 type=1 insize=1420 outsize=6 kw= pd= ok=1
Cmd: compileSnippet
  api=1 type=0 insize=1706 outsize=169 kw=SOFTPARTICLES_OFF pd= ok=1
Cmd: compileSnippet
  api=4 type=0 insize=1706 outsize=2038 kw=SOFTPARTICLES_ON pd= ok=1
Cmd: compileSnippet
  api=8 type=0 insize=1706 outsize=2982 kw=SOFTPARTICLES_ON pd=UNITY_NO_SCREENSPACE_SHADOWS UNITY_NO_LINEAR_COLORSPACE ok=1
Cmd: compileSnippet
  api=1 type=1 insize=1706 outsize=109 kw=SOFTPARTICLES_OFF pd= ok=1
Cmd: compileSnippet
  api=4 type=1 insize=1706 outsize=1591 kw=SOFTPARTICLES_ON pd= ok=1
Cmd: compileSnippet
  api=1 type=0 insize=1482 outsize=169 kw=SOFTPARTICLES_OFF pd= ok=1
Cmd: compileSnippet
  api=4 type=0 insize=1482 outsize=2038 kw=SOFTPARTICLES_ON pd= ok=1
Cmd: compileSnippet
  api=1 type=1 insize=1482 outsize=147 kw=SOFTPARTICLES_OFF pd= ok=1
Cmd: compileSnippet
  api=4 type=1 insize=1482 outsize=1672 kw=SOFTPARTICLES_ON pd= ok=1
Cmd: compileSnippet
  api=1 type=0 insize=4587 outsize=1014 kw= pd= ok=1
Cmd: compileSnippet
  api=8 type=0 insize=4587 outsize=7248 kw=POINT pd=UNITY_NO_SCREENSPACE_SHADOWS UNITY_NO_LINEAR_COLORSPACE ok=1
Cmd: compileSnippet
  api=1 type=1 insize=4587 outsize=174 kw= pd= ok=1
Cmd: compileSnippet
  api=4 type=1 insize=4587 outsize=998 kw=POINT pd= ok=1
Cmd: compileSnippet
  api=1 type=0 insize=1812 outsize=290 kw= pd= ok=1
Cmd: compileSnippet
  api=1 type=1 insize=1812 outsize=200 kw= pd= ok=1
Cmd: compileSnippet
  api=1 type=0 insize=2087 outsize=318 kw= pd= ok=1
Cmd: compileSnippet
  api=1 type=1 insize=2087 outsize=267 kw= pd= ok=1
Cmd: compileSnippet
  api=1 type=0 insize=14582 outsize=610 kw=DIRECTIONAL SHADOWS_OFF LIGHTMAP_OFF DIRLIGHTMAP_OFF DYNAMICLIGHTMAP_OFF pd= ok=1
Cmd: compileSnippet
  api=4 type=0 insize=14582 outsize=4215 kw=DIRECTIONAL SHADOWS_SCREEN LIGHTMAP_OFF DIRLIGHTMAP_OFF DYNAMICLIGHTMAP_OFF pd= ok=1
Cmd: compileSnippet
  api=1 type=0 insize=14582 outsize=1245 kw=DIRECTIONAL SHADOWS_SCREEN LIGHTMAP_OFF DIRLIGHTMAP_OFF DYNAMICLIGHTMAP_OFF VERTEXLIGHT_ON pd= ok=1
Cmd: compileSnippet
  api=8 type=0 insize=14582 outsize=8881 kw=DIRECTIONAL SHADOWS_SCREEN SHADOWS_NATIVE LIGHTMAP_OFF DIRLIGHTMAP_OFF DYNAMICLIGHTMAP_OFF VERTEXLIGHT_ON pd=UNITY_NO_SCREENSPACE_SHADOWS UNITY_NO_LINEAR_COLORSPACE ok=1
Cmd: compileSnippet
  api=8 type=0 insize=14582 outsize=8539 kw=DIRECTIONAL SHADOWS_OFF LIGHTMAP_OFF DIRLIGHTMAP_OFF DYNAMICLIGHTMAP_OFF VERTEXLIGHT_ON PIXELSNAP_ON pd=UNITY_NO_SCREENSPACE_SHADOWS UNITY_NO_LINEAR_COLORSPACE ok=1
Cmd: compileSnippet
  api=1 type=1 insize=14582 outsize=275 kw=DIRECTIONAL SHADOWS_OFF LIGHTMAP_OFF DIRLIGHTMAP_OFF DYNAMICLIGHTMAP_OFF pd= ok=1
Cmd: compileSnippet
  api=8 type=1 insize=14582 outsize=2795 kw=DIRECTIONAL SHADOWS_SCREEN SHADOWS_NATIVE LIGHTMAP_OFF DIRLIGHTMAP_OFF DYNAMICLIGHTMAP_OFF pd=UNITY_NO_SCREENSPACE_SHADOWS UNITY_NO_LINEAR_COLORSPACE ok=1
Cmd: compileSnippet
  api=8 type=1 insize=14582 outsize=2795 kw=DIRECTIONAL SHADOWS_SCREEN SHADOWS_NATIVE LIGHTMAP_OFF DIRLIGHTMAP_OFF DYNAMICLIGHTMAP_OFF PIXELSNAP_ON pd=UNITY_NO_SCREENSPACE_SHADOWS UNITY_NO_LINEAR_COLORSPACE ok=1
Cmd: compileSnippet
  api=1 type=0 insize=8058 outsize=369 kw=POINT pd= ok=1
Cmd: compileSnippet
  api=4 type=0 insize=8058 outsize=2915 kw=DIRECTIONAL pd= ok=1
Cmd: compileSnippet
  api=1 type=0 insize=8058 outsize=369 kw=POINT_COOKIE pd= ok=1
Cmd: compileSnippet
  api=1 type=0 insize=8058 outsize=369 kw=DIRECTIONAL_COOKIE pd= ok=1
Cmd: compileSnippet
  api=1 type=0 insize=8058 outsize=640 kw=POINT PIXELSNAP_ON pd= ok=1
Cmd: compileSnippet
  api=8 type=0 insize=8058 outsize=4899 kw=POINT PIXELSNAP_ON pd=UNITY_NO_SCREENSPACE_SHADOWS UNITY_NO_LINEAR_COLORSPACE ok=1
Cmd: compileSnippet
  api=1 type=0 insize=8058 outsize=640 kw=POINT_COOKIE PIXELSNAP_ON pd= ok=1
Cmd: compileSnippet
  api=4 type=0 insize=8058 outsize=3305 kw=POINT_COOKIE PIXELSNAP_ON pd= ok=1
Cmd: compileSnippet
  api=1 type=1 insize=8058 outsize=437 kw=POINT pd= ok=1
Cmd: compileSnippet
  api=8 type=1 insize=8058 outsize=1869 kw=DIRECTIONAL pd=UNITY_NO_SCREENSPACE_SHADOWS UNITY_NO_LINEAR_COLORSPACE ok=1
Cmd: compileSnippet
  api=1 type=1 insize=8058 outsize=487 kw=POINT_COOKIE pd= ok=1
Cmd: compileSnippet
  api=1 type=1 insize=8058 outsize=364 kw=DIRECTIONAL_COOKIE pd= ok=1
Cmd: compileSnippet
  api=8 type=1 insize=8058 outsize=2665 kw=DIRECTIONAL_COOKIE pd=UNITY_NO_SCREENSPACE_SHADOWS UNITY_NO_LINEAR_COLORSPACE ok=1
Cmd: compileSnippet
  api=8 type=1 insize=8058 outsize=1869 kw=DIRECTIONAL PIXELSNAP_ON pd=UNITY_NO_SCREENSPACE_SHADOWS UNITY_NO_LINEAR_COLORSPACE ok=1
Cmd: compileSnippet
  api=1 type=1 insize=8058 outsize=487 kw=POINT_COOKIE PIXELSNAP_ON pd= ok=1
Cmd: compileSnippet
  api=1 type=1 insize=8058 outsize=364 kw=DIRECTIONAL_COOKIE PIXELSNAP_ON pd= ok=1
Cmd: compileSnippet
  api=8 type=1 insize=8058 outsize=2665 kw=DIRECTIONAL_COOKIE PIXELSNAP_ON pd=UNITY_NO_SCREENSPACE_SHADOWS UNITY_NO_LINEAR_COLORSPACE ok=1
Cmd: compileSnippet
  api=1 type=0 insize=6865 outsize=323 kw= pd= ok=1
Cmd: compileSnippet
  api=4 type=0 insize=6865 outsize=3118 kw=PIXELSNAP_ON pd= ok=1
Cmd: compileSnippet
  api=1 type=1 insize=6865 outsize=106 kw= pd= ok=1
Cmd: compileSnippet
  api=4 type=1 insize=6865 outsize=746 kw=PIXELSNAP_ON pd= ok=1
Cmd: compileSnippet
  api=1 type=0 insize=12614 outsize=737 kw=LIGHTMAP_OFF DIRLIGHTMAP_OFF DYNAMICLIGHTMAP_OFF HDR_LIGHT_PREPASS_OFF pd= ok=1
Cmd: compileSnippet
  api=4 type=0 insize=12614 outsize=4239 kw=LIGHTMAP_OFF DIRLIGHTMAP_OFF DYNAMICLIGHTMAP_OFF UNITY_HDR_ON pd= ok=1
Cmd: compileSnippet
  api=8 type=0 insize=12614 outsize=6784 kw=LIGHTMAP_OFF DIRLIGHTMAP_OFF DYNAMICLIGHTMAP_OFF PIXELSNAP_ON HDR_LIGHT_PREPASS_OFF pd=UNITY_NO_SCREENSPACE_SHADOWS UNITY_NO_LINEAR_COLORSPACE ok=1
Cmd: compileSnippet
  api=1 type=1 insize=12614 outsize=260 kw=LIGHTMAP_OFF DIRLIGHTMAP_OFF DYNAMICLIGHTMAP_OFF HDR_LIGHT_PREPASS_OFF pd= ok=1
Cmd: compileSnippet
  api=8 type=1 insize=12614 outsize=1966 kw=LIGHTMAP_OFF DIRLIGHTMAP_OFF DYNAMICLIGHTMAP_OFF UNITY_HDR_ON pd=UNITY_NO_SCREENSPACE_SHADOWS UNITY_NO_LINEAR_COLORSPACE ok=1
Cmd: compileSnippet
  api=4 type=1 insize=12614 outsize=1404 kw=LIGHTMAP_OFF DIRLIGHTMAP_OFF DYNAMICLIGHTMAP_OFF UNITY_HDR_ON PIXELSNAP_ON pd= ok=1
Cmd: compileSnippet
  api=1 type=0 insize=12974 outsize=625 kw=LIGHTMAP_OFF DIRLIGHTMAP_OFF DYNAMICLIGHTMAP_OFF HDR_LIGHT_PREPASS_OFF pd= ok=1
Cmd: compileSnippet
  api=8 type=0 insize=12974 outsize=5614 kw=LIGHTMAP_OFF DIRLIGHTMAP_OFF DYNAMICLIGHTMAP_OFF UNITY_HDR_ON pd=UNITY_NO_SCREENSPACE_SHADOWS UNITY_NO_LINEAR_COLORSPACE ok=1
Cmd: compileSnippet
  api=4 type=0 insize=12974 outsize=4353 kw=LIGHTMAP_OFF DIRLIGHTMAP_OFF DYNAMICLIGHTMAP_OFF UNITY_HDR_ON PIXELSNAP_ON pd= ok=1
Cmd: compileSnippet
  api=1 type=1 insize=12974 outsize=385 kw=LIGHTMAP_OFF DIRLIGHTMAP_OFF DYNAMICLIGHTMAP_OFF HDR_LIGHT_PREPASS_OFF pd= ok=1
Cmd: compileSnippet
  api=8 type=1 insize=12974 outsize=2356 kw=LIGHTMAP_OFF DIRLIGHTMAP_OFF DYNAMICLIGHTMAP_OFF UNITY_HDR_ON pd=UNITY_NO_SCREENSPACE_SHADOWS UNITY_NO_LINEAR_COLORSPACE ok=1
Cmd: compileSnippet
  api=4 type=1 insize=12974 outsize=1688 kw=LIGHTMAP_OFF DIRLIGHTMAP_OFF DYNAMICLIGHTMAP_OFF UNITY_HDR_ON PIXELSNAP_ON pd= ok=1
Cmd: compileSnippet
  api=1 type=0 insize=3155 outsize=131 kw= pd= ok=1
Cmd: compileSnippet
  api=1 type=1 insize=3155 outsize=323 kw= pd= ok=1
Cmd: compileSnippet
  api=1 type=0 insize=3153 outsize=131 kw= pd= ok=1
Cmd: compileSnippet
  api=1 type=1 insize=3153 outsize=316 kw= pd= ok=1
Cmd: compileSnippet
  api=1 type=0 insize=3160 outsize=131 kw= pd= ok=1
Cmd: compileSnippet
  api=1 type=1 insize=3160 outsize=1811 kw= pd= ok=1
Cmd: compileSnippet
  api=1 type=0 insize=1188 outsize=258 kw= pd= ok=1
Cmd: compileSnippet
  api=1 type=1 insize=1188 outsize=316 kw= pd= ok=1
Cmd: compileSnippet
  api=1 type=0 insize=1298 outsize=291 kw= pd= ok=1
Cmd: compileSnippet
  api=1 type=1 insize=1298 outsize=494 kw= pd= ok=1
Cmd: compileSnippet
  api=1 type=0 insize=859 outsize=144 kw= pd= ok=1
Cmd: compileSnippet
  api=1 type=1 insize=859 outsize=81 kw= pd= ok=1
Cmd: compileSnippet
  api=1 type=0 insize=814 outsize=144 kw= pd= ok=1
Cmd: compileSnippet
  api=1 type=1 insize=814 outsize=63 kw= pd= ok=1
Cmd: compileSnippet
  api=1 type=0 insize=1515 outsize=214 kw= pd= ok=1
Cmd: compileSnippet
  api=1 type=1 insize=1515 outsize=81 kw= pd= ok=1
Cmd: compileSnippet
  api=1 type=0 insize=1444 outsize=214 kw= pd= ok=1
Cmd: compileSnippet
  api=1 type=1 insize=1444 outsize=63 kw= pd= ok=1
Cmd: compileSnippet
  api=1 type=0 insize=4597 outsize=1014 kw= pd= ok=1
Cmd: compileSnippet
  api=8 type=0 insize=4597 outsize=7248 kw=POINT pd=UNITY_NO_SCREENSPACE_SHADOWS UNITY_NO_LINEAR_COLORSPACE ok=1
Cmd: compileSnippet
  api=1 type=1 insize=4597 outsize=172 kw= pd= ok=1
Cmd: compileSnippet
  api=4 type=1 insize=4597 outsize=981 kw=POINT pd= ok=1
Cmd: compileSnippet
  api=1 type=0 insize=1807 outsize=259 kw= pd= ok=1
Cmd: compileSnippet
  api=1 type=1 insize=1807 outsize=206 kw= pd= ok=1
Cmd: compileSnippet
  api=1 type=0 insize=2082 outsize=287 kw= pd= ok=1
Cmd: compileSnippet
  api=1 type=1 insize=2082 outsize=254 kw= pd= ok=1
Cmd: compileSnippet
  api=1 type=0 insize=541 outsize=832 kw=SHADOWS_DEPTH pd= ok=1
Cmd: compileSnippet
  api=8 type=0 insize=541 outsize=2056 kw=SHADOWS_CUBE pd=UNITY_NO_SCREENSPACE_SHADOWS UNITY_NO_LINEAR_COLORSPACE ok=1
Cmd: compileSnippet
  api=1 type=1 insize=541 outsize=61 kw=SHADOWS_DEPTH pd= ok=1
Cmd: compileSnippet
  api=4 type=1 insize=541 outsize=697 kw=SHADOWS_CUBE pd= ok=1
Cmd: compileSnippet
  api=1 type=0 insize=6924 outsize=580 kw=DIRECTIONAL SHADOWS_OFF LIGHTMAP_OFF DIRLIGHTMAP_OFF DYNAMICLIGHTMAP_OFF pd= ok=1
Cmd: compileSnippet
  api=4 type=0 insize=6924 outsize=4053 kw=DIRECTIONAL SHADOWS_SCREEN LIGHTMAP_OFF DIRLIGHTMAP_OFF DYNAMICLIGHTMAP_OFF pd= ok=1
Cmd: compileSnippet
  api=1 type=0 insize=6924 outsize=1215 kw=DIRECTIONAL SHADOWS_SCREEN LIGHTMAP_OFF DIRLIGHTMAP_OFF DYNAMICLIGHTMAP_OFF VERTEXLIGHT_ON pd= ok=1
Cmd: compileSnippet
  api=8 type=0 insize=6924 outsize=8661 kw=DIRECTIONAL SHADOWS_SCREEN SHADOWS_NATIVE LIGHTMAP_OFF DIRLIGHTMAP_OFF DYNAMICLIGHTMAP_OFF VERTEXLIGHT_ON pd=UNITY_NO_SCREENSPACE_SHADOWS UNITY_NO_LINEAR_COLORSPACE ok=1
Cmd: compileSnippet
  api=1 type=1 insize=6924 outsize=263 kw=DIRECTIONAL SHADOWS_OFF LIGHTMAP_OFF DIRLIGHTMAP_OFF DYNAMICLIGHTMAP_OFF pd= ok=1
Cmd: compileSnippet
  api=4 type=1 insize=6924 outsize=1631 kw=DIRECTIONAL SHADOWS_SCREEN LIGHTMAP_OFF DIRLIGHTMAP_OFF DYNAMICLIGHTMAP_OFF pd= ok=1
Cmd: compileSnippet
  api=1 type=0 insize=3695 outsize=339 kw=POINT pd= ok=1
Cmd: compileSnippet
  api=8 type=0 insize=3695 outsize=3892 kw=DIRECTIONAL pd=UNITY_NO_SCREENSPACE_SHADOWS UNITY_NO_LINEAR_COLORSPACE ok=1
Cmd: compileSnippet
  api=4 type=0 insize=3695 outsize=2753 kw=POINT_COOKIE pd= ok=1
Cmd: compileSnippet
  api=4 type=0 insize=3695 outsize=2753 kw=DIRECTIONAL_COOKIE pd= ok=1
Cmd: compileSnippet
  api=1 type=1 insize=3695 outsize=428 kw=POINT pd= ok=1
Cmd: compileSnippet
  api=8 type=1 insize=3695 outsize=1739 kw=DIRECTIONAL pd=UNITY_NO_SCREENSPACE_SHADOWS UNITY_NO_LINEAR_COLORSPACE ok=1
Cmd: compileSnippet
  api=4 type=1 insize=3695 outsize=2135 kw=POINT_COOKIE pd= ok=1
Cmd: compileSnippet
  api=4 type=1 insize=3695 outsize=1672 kw=DIRECTIONAL_COOKIE pd= ok=1
Cmd: compileSnippet
  api=1 type=0 insize=2902 outsize=293 kw= pd= ok=1
Cmd: compileSnippet
  api=1 type=1 insize=2902 outsize=106 kw= pd= ok=1
Cmd: compileSnippet
  api=1 type=0 insize=5962 outsize=707 kw=LIGHTMAP_OFF DIRLIGHTMAP_OFF DYNAMICLIGHTMAP_OFF HDR_LIGHT_PREPASS_OFF pd= ok=1
Cmd: compileSnippet
  api=4 type=0 insize=5962 outsize=4077 kw=LIGHTMAP_OFF DIRLIGHTMAP_OFF DYNAMICLIGHTMAP_OFF UNITY_HDR_ON pd= ok=1
Cmd: compileSnippet
  api=1 type=1 insize=5962 outsize=267 kw=LIGHTMAP_OFF DIRLIGHTMAP_OFF DYNAMICLIGHTMAP_OFF HDR_LIGHT_PREPASS_OFF pd= ok=1
Cmd: compileSnippet
  api=8 type=1 insize=5962 outsize=1918 kw=LIGHTMAP_OFF DIRLIGHTMAP_OFF DYNAMICLIGHTMAP_OFF UNITY_HDR_ON pd=UNITY_NO_SCREENSPACE_SHADOWS UNITY_NO_LINEAR_COLORSPACE ok=1
Cmd: compileSnippet
  api=1 type=0 insize=6026 outsize=595 kw=LIGHTMAP_OFF DIRLIGHTMAP_OFF DYNAMICLIGHTMAP_OFF HDR_LIGHT_PREPASS_OFF pd= ok=1
Cmd: compileSnippet
  api=8 type=0 insize=6026 outsize=5395 kw=LIGHTMAP_OFF DIRLIGHTMAP_OFF DYNAMICLIGHTMAP_OFF UNITY_HDR_ON pd=UNITY_NO_SCREENSPACE_SHADOWS UNITY_NO_LINEAR_COLORSPACE ok=1
Cmd: compileSnippet
  api=1 type=1 insize=6026 outsize=355 kw=LIGHTMAP_OFF DIRLIGHTMAP_OFF DYNAMICLIGHTMAP_OFF HDR_LIGHT_PREPASS_OFF pd= ok=1
Cmd: compileSnippet
  api=8 type=1 insize=6026 outsize=2234 kw=LIGHTMAP_OFF DIRLIGHTMAP_OFF DYNAMICLIGHTMAP_OFF UNITY_HDR_ON pd=UNITY_NO_SCREENSPACE_SHADOWS UNITY_NO_LINEAR_COLORSPACE ok=1
Cmd: compileSnippet
  api=1 type=0 insize=1275 outsize=441 kw=POINT SHADOWS_OFF pd= ok=1
Cmd: compileSnippet
  api=4 type=0 insize=1275 outsize=1956 kw=SPOT SHADOWS_OFF pd= ok=1
Cmd: compileSnippet
  api=1 type=0 insize=1275 outsize=441 kw=SPOT SHADOWS_DEPTH SHADOWS_NATIVE pd= ok=1
Cmd: compileSnippet
  api=4 type=0 insize=1275 outsize=1956 kw=DIRECTIONAL SHADOWS_SCREEN pd= ok=1
Cmd: compileSnippet
  api=1 type=0 insize=1275 outsize=441 kw=POINT_COOKIE SHADOWS_CUBE pd= ok=1
Cmd: compileSnippet
  api=4 type=0 insize=1275 outsize=1956 kw=SPOT SHADOWS_DEPTH SHADOWS_SOFT SHADOWS_NATIVE pd= ok=1
Cmd: compileSnippet
  api=4 type=0 insize=1275 outsize=1956 kw=POINT_COOKIE SHADOWS_CUBE SHADOWS_SOFT pd= ok=1
Cmd: compileSnippet
  api=1 type=1 insize=1275 outsize=1442 kw=POINT SHADOWS_OFF pd= ok=1
Cmd: compileSnippet
  api=1 type=1 insize=1275 outsize=1555 kw=POINT_COOKIE SHADOWS_OFF pd= ok=1
Cmd: compileSnippet
  api=1 type=1 insize=1275 outsize=1402 kw=DIRECTIONAL_COOKIE SHADOWS_OFF pd= ok=1
Cmd: compileSnippet
  api=1 type=1 insize=1275 outsize=1329 kw=DIRECTIONAL SHADOWS_SCREEN pd= ok=1
Cmd: compileSnippet
  api=1 type=1 insize=1275 outsize=1616 kw=POINT SHADOWS_CUBE pd= ok=1
Cmd: compileSnippet
  api=1 type=1 insize=1275 outsize=2041 kw=SPOT SHADOWS_DEPTH SHADOWS_SOFT SHADOWS_NATIVE pd= ok=1
Cmd: compileSnippet
  api=1 type=1 insize=1275 outsize=2017 kw=POINT_COOKIE SHADOWS_CUBE SHADOWS_SOFT pd= ok=1
Cmd: compileSnippet
  api=1 type=0 insize=1268 outsize=441 kw=POINT SHADOWS_OFF pd= ok=1
Cmd: compileSnippet
  api=4 type=0 insize=1268 outsize=1956 kw=SPOT SHADOWS_OFF pd= ok=1
Cmd: compileSnippet
  api=4 type=0 insize=1268 outsize=1956 kw=DIRECTIONAL_COOKIE SHADOWS_OFF pd= ok=1
Cmd: compileSnippet
  api=4 type=0 insize=1268 outsize=1956 kw=DIRECTIONAL_COOKIE SHADOWS_SCREEN pd= ok=1
Cmd: compileSnippet
  api=1 type=0 insize=1268 outsize=441 kw=SPOT SHADOWS_DEPTH SHADOWS_SOFT SHADOWS_NATIVE pd= ok=1
Cmd: compileSnippet
  api=4 type=0 insize=1268 outsize=1956 kw=POINT SHADOWS_CUBE SHADOWS_SOFT pd= ok=1
Cmd: compileSnippet
  api=1 type=1 insize=1268 outsize=1363 kw=POINT SHADOWS_OFF pd= ok=1
Cmd: compileSnippet
  api=1 type=1 insize=1268 outsize=1476 kw=POINT_COOKIE SHADOWS_OFF pd= ok=1
Cmd: compileSnippet
  api=1 type=1 insize=1268 outsize=1323 kw=DIRECTIONAL_COOKIE SHADOWS_OFF pd= ok=1
Cmd: compileSnippet
  api=1 type=1 insize=1268 outsize=1250 kw=DIRECTIONAL SHADOWS_SCREEN pd= ok=1
Cmd: compileSnippet
  api=1 type=1 insize=1268 outsize=1537 kw=POINT SHADOWS_CUBE pd= ok=1
Cmd: compileSnippet
  api=1 type=1 insize=1268 outsize=1962 kw=SPOT SHADOWS_DEPTH SHADOWS_SOFT SHADOWS_NATIVE pd= ok=1
Cmd: compileSnippet
  api=4 type=1 insize=1268 outsize=6238 kw=POINT_COOKIE SHADOWS_CUBE SHADOWS_SOFT pd= ok=1
Cmd: compileSnippet
  api=1 type=0 insize=1273 outsize=441 kw=POINT SHADOWS_OFF pd= ok=1
Cmd: compileSnippet
  api=1 type=0 insize=1273 outsize=441 kw=SPOT SHADOWS_OFF pd= ok=1
Cmd: compileSnippet
  api=1 type=0 insize=1273 outsize=441 kw=DIRECTIONAL_COOKIE SHADOWS_OFF pd= ok=1
Cmd: compileSnippet
  api=4 type=0 insize=1273 outsize=1956 kw=SPOT SHADOWS_DEPTH SHADOWS_NATIVE pd= ok=1
Cmd: compileSnippet
  api=1 type=0 insize=1273 outsize=441 kw=POINT SHADOWS_CUBE pd= ok=1
Cmd: compileSnippet
  api=4 type=0 insize=1273 outsize=1956 kw=POINT_COOKIE SHADOWS_CUBE pd= ok=1
Cmd: compileSnippet
  api=1 type=0 insize=1273 outsize=441 kw=POINT_COOKIE SHADOWS_CUBE SHADOWS_SOFT pd= ok=1
Cmd: compileSnippet
  api=1 type=1 insize=1273 outsize=1358 kw=POINT SHADOWS_OFF pd= ok=1
Cmd: compileSnippet
  api=1 type=1 insize=1273 outsize=1481 kw=POINT_COOKIE SHADOWS_OFF pd= ok=1
Cmd: compileSnippet
  api=1 type=1 insize=1273 outsize=1318 kw=DIRECTIONAL_COOKIE SHADOWS_OFF pd= ok=1
Cmd: compileSnippet
  api=1 type=1 insize=1273 outsize=1255 kw=DIRECTIONAL SHADOWS_SCREEN pd= ok=1
Cmd: compileSnippet
  api=1 type=1 insize=1273 outsize=1542 kw=POINT SHADOWS_CUBE pd= ok=1
Cmd: compileSnippet
  api=1 type=1 insize=1273 outsize=1967 kw=SPOT SHADOWS_DEPTH SHADOWS_SOFT SHADOWS_NATIVE pd= ok=1
Cmd: compileSnippet
  api=1 type=1 insize=1273 outsize=1943 kw=POINT_COOKIE SHADOWS_CUBE SHADOWS_SOFT pd= ok=1
Cmd: compileSnippet
  api=1 type=0 insize=1934 outsize=441 kw=POINT SHADOWS_OFF pd= ok=1
Cmd: compileSnippet
  api=4 type=0 insize=1934 outsize=1956 kw=SPOT SHADOWS_OFF pd= ok=1
Cmd: compileSnippet
  api=1 type=0 insize=1934 outsize=441 kw=SPOT SHADOWS_DEPTH SHADOWS_NATIVE pd= ok=1
Cmd: compileSnippet
  api=4 type=0 insize=1934 outsize=1956 kw=DIRECTIONAL SHADOWS_SCREEN pd= ok=1
Cmd: compileSnippet
  api=1 type=0 insize=1934 outsize=441 kw=POINT_COOKIE SHADOWS_CUBE pd= ok=1
Cmd: compileSnippet
  api=4 type=0 insize=1934 outsize=1956 kw=SPOT SHADOWS_DEPTH SHADOWS_SOFT SHADOWS_NATIVE pd= ok=1
Cmd: compileSnippet
  api=1 type=0 insize=1934 outsize=441 kw=POINT SHADOWS_OFF UNITY_HDR_ON pd= ok=1
Cmd: compileSnippet
  api=4 type=0 insize=1934 outsize=1956 kw=DIRECTIONAL SHADOWS_OFF UNITY_HDR_ON pd= ok=1
Cmd: compileSnippet
  api=1 type=0 insize=1934 outsize=441 kw=DIRECTIONAL_COOKIE SHADOWS_OFF UNITY_HDR_ON pd= ok=1
Cmd: compileSnippet
  api=4 type=0 insize=1934 outsize=1956 kw=SPOT SHADOWS_DEPTH SHADOWS_NATIVE UNITY_HDR_ON pd= ok=1
Cmd: compileSnippet
  api=1 type=0 insize=1934 outsize=441 kw=POINT SHADOWS_CUBE UNITY_HDR_ON pd= ok=1
Cmd: compileSnippet
  api=4 type=0 insize=1934 outsize=1956 kw=POINT_COOKIE SHADOWS_CUBE UNITY_HDR_ON pd= ok=1
Cmd: compileSnippet
  api=1 type=0 insize=1934 outsize=441 kw=POINT_COOKIE SHADOWS_CUBE SHADOWS_SOFT UNITY_HDR_ON pd= ok=1
Cmd: compileSnippet
  api=1 type=1 insize=1934 outsize=2311 kw=POINT SHADOWS_OFF pd= ok=1
Cmd: compileSnippet
  api=4 type=1 insize=1934 outsize=7116 kw=POINT_COOKIE SHADOWS_OFF pd= ok=1
Cmd: compileSnippet
  api=4 type=1 insize=1934 outsize=6604 kw=DIRECTIONAL_COOKIE SHADOWS_OFF pd= ok=1
Cmd: compileSnippet
  api=4 type=1 insize=1934 outsize=6848 kw=DIRECTIONAL SHADOWS_SCREEN pd= ok=1
Cmd: compileSnippet
  api=4 type=1 insize=1934 outsize=7091 kw=POINT SHADOWS_CUBE pd= ok=1
Cmd: compileSnippet
  api=1 type=1 insize=1934 outsize=3108 kw=SPOT SHADOWS_DEPTH SHADOWS_SOFT SHADOWS_NATIVE pd= ok=1
Cmd: compileSnippet
  api=4 type=1 insize=1934 outsize=8367 kw=POINT_COOKIE SHADOWS_CUBE SHADOWS_SOFT pd= ok=1
Cmd: compileSnippet
  api=4 type=1 insize=1934 outsize=6141 kw=DIRECTIONAL SHADOWS_OFF UNITY_HDR_ON pd= ok=1
Cmd: compileSnippet
  api=1 type=1 insize=1934 outsize=2423 kw=POINT_COOKIE SHADOWS_OFF UNITY_HDR_ON pd= ok=1
Cmd: compileSnippet
  api=4 type=1 insize=1934 outsize=8489 kw=SPOT SHADOWS_DEPTH SHADOWS_NATIVE UNITY_HDR_ON pd= ok=1
Cmd: compileSnippet
  api=4 type=1 insize=1934 outsize=7043 kw=POINT SHADOWS_CUBE UNITY_HDR_ON pd= ok=1
Cmd: compileSnippet
  api=4 type=1 insize=1934 outsize=9098 kw=SPOT SHADOWS_DEPTH SHADOWS_SOFT SHADOWS_NATIVE UNITY_HDR_ON pd= ok=1
Cmd: compileSnippet
  api=4 type=1 insize=1934 outsize=8318 kw=POINT_COOKIE SHADOWS_CUBE SHADOWS_SOFT UNITY_HDR_ON pd= ok=1
Cmd: compileSnippet
  api=1 type=0 insize=683 outsize=157 kw= pd= ok=1
Cmd: compileSnippet
  api=1 type=1 insize=683 outsize=142 kw= pd= ok=1
Cmd: compileSnippet
  api=1 type=0 insize=3264 outsize=441 kw= pd= ok=1
Cmd: compileSnippet
  api=1 type=1 insize=3264 outsize=1811 kw= pd= ok=1
Cmd: compileSnippet
  api=1 type=0 insize=823 outsize=244 kw= pd= ok=1
Cmd: compileSnippet
  api=1 type=1 insize=823 outsize=137 kw= pd= ok=1
Cmd: compileSnippet
  api=1 type=0 insize=1420 outsize=252 kw= pd= ok=1
Cmd: compileSnippet
  api=1 type=1 insize=1420 outsize=396 kw= pd= ok=1
Cmd: compileSnippet
  api=1 type=0 insize=6657 outsize=151 kw= pd= ok=1
Cmd: compileSnippet
  api=1 type=1 insize=6657 outsize=9282 kw= pd= ok=1
Cmd: compileSnippet
  api=1 type=0 insize=6657 outsize=128 kw= pd= ok=1
Cmd: compileSnippet
  api=1 type=1 insize=6657 outsize=106 kw= pd= ok=1
Cmd: compileSnippet
  api=1 type=0 insize=701 outsize=151 kw= pd= ok=1
Cmd: compileSnippet
  api=1 type=1 insize=701 outsize=98 kw= pd= ok=1
Cmd: compileSnippet
  api=1 type=0 insize=701 outsize=128 kw= pd= ok=1
Cmd: compileSnippet
  api=1 type=1 insize=701 outsize=100 kw= pd= ok=1
Cmd: compileSnippet
  api=1 type=0 insize=1032 outsize=159 kw= pd= ok=1
Cmd: compileSnippet
  api=1 type=1 insize=1032 outsize=346 kw= pd= ok=1
Cmd: compileSnippet
  api=1 type=0 insize=1032 outsize=132 kw= pd= ok=1
Cmd: compileSnippet
  api=1 type=1 insize=1032 outsize=350 kw= pd= ok=1
